<?xml version='1.0' encoding='UTF-8' ?>
<testsuite name="com.example.linkingyou.ExampleInstrumentedTest" tests="20" failures="2" errors="0" skipped="0" time="31.472" timestamp="2020-06-15T08:18:07" hostname="localhost">
  <properties>
    <property name="device" value="Nexus_5X_API_27(AVD) - 8.1.0" />
    <property name="flavor" value="" />
    <property name="project" value="app" />
  </properties>
  <testcase name="useAppContext" classname="com.example.linkingyou.ExampleInstrumentedTest" time="0.0" />
  <testcase name="clubCheckbox" classname="com.example.linkingyou.GatheringDescriptionTest" time="1.242" />
  <testcase name="societyCheckbox" classname="com.example.linkingyou.GatheringDescriptionTest" time="0.947" />
  <testcase name="groupName" classname="com.example.linkingyou.GatheringDescriptionTest" time="0.982" />
  <testcase name="groupDescription" classname="com.example.linkingyou.GatheringDescriptionTest" time="1.139" />
  <testcase name="interestGroupCheckbox" classname="com.example.linkingyou.GatheringDescriptionTest" time="1.679" />
  <testcase name="descriptionView" classname="com.example.linkingyou.GatheringDescriptionTest" time="6.495">
    <failure>androidx.test.espresso.PerformException: Error performing 'single click - At Coordinates: 539, 1145 and precision: 16, 16' on view 'with id: com.example.linkingyou:id/btnConf'.
at androidx.test.espresso.PerformException$Builder.build(PerformException.java:86)
at androidx.test.espresso.base.DefaultFailureHandler.getUserFriendlyError(DefaultFailureHandler.java:87)
at androidx.test.espresso.base.DefaultFailureHandler.handle(DefaultFailureHandler.java:59)
at androidx.test.espresso.ViewInteraction.waitForAndHandleInteractionResults(ViewInteraction.java:322)
at androidx.test.espresso.ViewInteraction.desugaredPerform(ViewInteraction.java:178)
at androidx.test.espresso.ViewInteraction.perform(ViewInteraction.java:119)
at com.example.linkingyou.GatheringDescriptionTest.descriptionView(GatheringDescriptionTest.java:65)
at java.lang.reflect.Method.invoke(Native Method)
at org.junit.runners.model.FrameworkMethod$1.runReflectiveCall(FrameworkMethod.java:50)
at org.junit.internal.runners.model.ReflectiveCallable.run(ReflectiveCallable.java:12)
at org.junit.runners.model.FrameworkMethod.invokeExplosively(FrameworkMethod.java:47)
at org.junit.internal.runners.statements.InvokeMethod.evaluate(InvokeMethod.java:17)
at androidx.test.rule.ActivityTestRule$ActivityStatement.evaluate(ActivityTestRule.java:527)
at org.junit.rules.RunRules.evaluate(RunRules.java:20)
at org.junit.runners.ParentRunner.runLeaf(ParentRunner.java:325)
at org.junit.runners.BlockJUnit4ClassRunner.runChild(BlockJUnit4ClassRunner.java:78)
at org.junit.runners.BlockJUnit4ClassRunner.runChild(BlockJUnit4ClassRunner.java:57)
at org.junit.runners.ParentRunner$3.run(ParentRunner.java:290)
at org.junit.runners.ParentRunner$1.schedule(ParentRunner.java:71)
at org.junit.runners.ParentRunner.runChildren(ParentRunner.java:288)
at org.junit.runners.ParentRunner.access$000(ParentRunner.java:58)
at org.junit.runners.ParentRunner$2.evaluate(ParentRunner.java:268)
at org.junit.runners.ParentRunner.run(ParentRunner.java:363)
at org.junit.runners.Suite.runChild(Suite.java:128)
at org.junit.runners.Suite.runChild(Suite.java:27)
at org.junit.runners.ParentRunner$3.run(ParentRunner.java:290)
at org.junit.runners.ParentRunner$1.schedule(ParentRunner.java:71)
at org.junit.runners.ParentRunner.runChildren(ParentRunner.java:288)
at org.junit.runners.ParentRunner.access$000(ParentRunner.java:58)
at org.junit.runners.ParentRunner$2.evaluate(ParentRunner.java:268)
at org.junit.runners.ParentRunner.run(ParentRunner.java:363)
at org.junit.runner.JUnitCore.run(JUnitCore.java:137)
at org.junit.runner.JUnitCore.run(JUnitCore.java:115)
at androidx.test.internal.runner.TestExecutor.execute(TestExecutor.java:56)
at androidx.test.runner.AndroidJUnitRunner.onStart(AndroidJUnitRunner.java:392)
at android.app.Instrumentation$InstrumentationThread.run(Instrumentation.java:2075)
Caused by: androidx.test.espresso.PerformException: Error performing 'Send down motion event' on view 'unknown'.
at androidx.test.espresso.PerformException$Builder.build(PerformException.java:86)
at androidx.test.espresso.action.MotionEvents.sendDown(MotionEvents.java:128)
at androidx.test.espresso.action.Tap.sendSingleTap(Tap.java:168)
at androidx.test.espresso.action.Tap.access$100(Tap.java:31)
at androidx.test.espresso.action.Tap$1.sendTap(Tap.java:47)
at androidx.test.espresso.action.GeneralClickAction.perform(GeneralClickAction.java:137)
at androidx.test.espresso.ViewInteraction$SingleExecutionViewAction.perform(ViewInteraction.java:366)
at androidx.test.espresso.ViewInteraction.doPerform(ViewInteraction.java:255)
at androidx.test.espresso.ViewInteraction.access$100(ViewInteraction.java:65)
at androidx.test.espresso.ViewInteraction$1.call(ViewInteraction.java:158)
at androidx.test.espresso.ViewInteraction$1.call(ViewInteraction.java:155)
at java.util.concurrent.FutureTask.run(FutureTask.java:266)
at android.os.Handler.handleCallback(Handler.java:790)
at android.os.Handler.dispatchMessage(Handler.java:99)
at android.os.Looper.loop(Looper.java:164)
at android.app.ActivityThread.main(ActivityThread.java:6494)
at java.lang.reflect.Method.invoke(Native Method)
at com.android.internal.os.RuntimeInit$MethodAndArgsCaller.run(RuntimeInit.java:438)
at com.android.internal.os.ZygoteInit.main(ZygoteInit.java:807)
Caused by: androidx.test.espresso.InjectEventSecurityException: java.lang.SecurityException: Injecting to another application requires INJECT_EVENTS permission
at androidx.test.espresso.base.InputManagerEventInjectionStrategy.innerInjectMotionEvent(InputManagerEventInjectionStrategy.java:164)
at androidx.test.espresso.base.InputManagerEventInjectionStrategy.innerInjectMotionEvent(InputManagerEventInjectionStrategy.java:162)
at androidx.test.espresso.base.InputManagerEventInjectionStrategy.injectMotionEvent(InputManagerEventInjectionStrategy.java:130)
at androidx.test.espresso.base.EventInjector.injectMotionEvent(EventInjector.java:92)
at androidx.test.espresso.base.UiControllerImpl$3.call(UiControllerImpl.java:230)
at androidx.test.espresso.base.UiControllerImpl$3.call(UiControllerImpl.java:227)
at java.util.concurrent.FutureTask.run(FutureTask.java:266)
at java.util.concurrent.Executors$RunnableAdapter.call(Executors.java:457)
at java.util.concurrent.FutureTask.run(FutureTask.java:266)
at java.util.concurrent.ThreadPoolExecutor.runWorker(ThreadPoolExecutor.java:1162)
at java.util.concurrent.ThreadPoolExecutor$Worker.run(ThreadPoolExecutor.java:636)
at java.lang.Thread.run(Thread.java:764)
Caused by: java.lang.SecurityException: Injecting to another application requires INJECT_EVENTS permission
at android.os.Parcel.readException(Parcel.java:2004)
at android.os.Parcel.readException(Parcel.java:1950)
at android.hardware.input.IInputManager$Stub$Proxy.injectInputEvent(IInputManager.java:636)
at android.hardware.input.InputManager.injectInputEvent(InputManager.java:925)
at java.lang.reflect.Method.invoke(Native Method)
at androidx.test.espresso.base.InputManagerEventInjectionStrategy.innerInjectMotionEvent(InputManagerEventInjectionStrategy.java:146)
... 11 more
</failure>
  </testcase>
  <testcase name="groupDeatsButton" classname="com.example.linkingyou.GatheringDescriptionTest" time="1.695" />
  <testcase name="loginButton" classname="com.example.linkingyou.MainActivityTest" time="1.137" />
  <testcase name="usernameText" classname="com.example.linkingyou.MainActivityTest" time="0.904" />
  <testcase name="regLink" classname="com.example.linkingyou.MainActivityTest" time="0.827" />
  <testcase name="passText" classname="com.example.linkingyou.MainActivityTest" time="1.007" />
  <testcase name="processLogin" classname="com.example.linkingyou.MainActivityTest" time="1.735">
    <failure>androidx.test.espresso.PerformException: Error performing 'single click - At Coordinates: 539, 1192 and precision: 16, 16' on view 'with id: com.example.linkingyou:id/edPass'.
at androidx.test.espresso.PerformException$Builder.build(PerformException.java:86)
at androidx.test.espresso.base.DefaultFailureHandler.getUserFriendlyError(DefaultFailureHandler.java:87)
at androidx.test.espresso.base.DefaultFailureHandler.handle(DefaultFailureHandler.java:59)
at androidx.test.espresso.ViewInteraction.waitForAndHandleInteractionResults(ViewInteraction.java:322)
at androidx.test.espresso.ViewInteraction.desugaredPerform(ViewInteraction.java:178)
at androidx.test.espresso.ViewInteraction.perform(ViewInteraction.java:119)
at com.example.linkingyou.MainActivityTest.processLogin(MainActivityTest.java:45)
at java.lang.reflect.Method.invoke(Native Method)
at org.junit.runners.model.FrameworkMethod$1.runReflectiveCall(FrameworkMethod.java:50)
at org.junit.internal.runners.model.ReflectiveCallable.run(ReflectiveCallable.java:12)
at org.junit.runners.model.FrameworkMethod.invokeExplosively(FrameworkMethod.java:47)
at org.junit.internal.runners.statements.InvokeMethod.evaluate(InvokeMethod.java:17)
at androidx.test.rule.ActivityTestRule$ActivityStatement.evaluate(ActivityTestRule.java:527)
at org.junit.rules.RunRules.evaluate(RunRules.java:20)
at org.junit.runners.ParentRunner.runLeaf(ParentRunner.java:325)
at org.junit.runners.BlockJUnit4ClassRunner.runChild(BlockJUnit4ClassRunner.java:78)
at org.junit.runners.BlockJUnit4ClassRunner.runChild(BlockJUnit4ClassRunner.java:57)
at org.junit.runners.ParentRunner$3.run(ParentRunner.java:290)
at org.junit.runners.ParentRunner$1.schedule(ParentRunner.java:71)
at org.junit.runners.ParentRunner.runChildren(ParentRunner.java:288)
at org.junit.runners.ParentRunner.access$000(ParentRunner.java:58)
at org.junit.runners.ParentRunner$2.evaluate(ParentRunner.java:268)
at org.junit.runners.ParentRunner.run(ParentRunner.java:363)
at org.junit.runners.Suite.runChild(Suite.java:128)
at org.junit.runners.Suite.runChild(Suite.java:27)
at org.junit.runners.ParentRunner$3.run(ParentRunner.java:290)
at org.junit.runners.ParentRunner$1.schedule(ParentRunner.java:71)
at org.junit.runners.ParentRunner.runChildren(ParentRunner.java:288)
at org.junit.runners.ParentRunner.access$000(ParentRunner.java:58)
at org.junit.runners.ParentRunner$2.evaluate(ParentRunner.java:268)
at org.junit.runners.ParentRunner.run(ParentRunner.java:363)
at org.junit.runner.JUnitCore.run(JUnitCore.java:137)
at org.junit.runner.JUnitCore.run(JUnitCore.java:115)
at androidx.test.internal.runner.TestExecutor.execute(TestExecutor.java:56)
at androidx.test.runner.AndroidJUnitRunner.onStart(AndroidJUnitRunner.java:392)
at android.app.Instrumentation$InstrumentationThread.run(Instrumentation.java:2075)
Caused by: androidx.test.espresso.PerformException: Error performing 'Send down motion event' on view 'unknown'.
at androidx.test.espresso.PerformException$Builder.build(PerformException.java:86)
at androidx.test.espresso.action.MotionEvents.sendDown(MotionEvents.java:128)
at androidx.test.espresso.action.Tap.sendSingleTap(Tap.java:168)
at androidx.test.espresso.action.Tap.access$100(Tap.java:31)
at androidx.test.espresso.action.Tap$1.sendTap(Tap.java:47)
at androidx.test.espresso.action.GeneralClickAction.perform(GeneralClickAction.java:137)
at androidx.test.espresso.action.TypeTextAction.perform(TypeTextAction.java:104)
at androidx.test.espresso.ViewInteraction$SingleExecutionViewAction.perform(ViewInteraction.java:366)
at androidx.test.espresso.ViewInteraction.doPerform(ViewInteraction.java:255)
at androidx.test.espresso.ViewInteraction.access$100(ViewInteraction.java:65)
at androidx.test.espresso.ViewInteraction$1.call(ViewInteraction.java:158)
at androidx.test.espresso.ViewInteraction$1.call(ViewInteraction.java:155)
at java.util.concurrent.FutureTask.run(FutureTask.java:266)
at android.os.Handler.handleCallback(Handler.java:790)
at android.os.Handler.dispatchMessage(Handler.java:99)
at android.os.Looper.loop(Looper.java:164)
at android.app.ActivityThread.main(ActivityThread.java:6494)
at java.lang.reflect.Method.invoke(Native Method)
at com.android.internal.os.RuntimeInit$MethodAndArgsCaller.run(RuntimeInit.java:438)
at com.android.internal.os.ZygoteInit.main(ZygoteInit.java:807)
Caused by: androidx.test.espresso.InjectEventSecurityException: java.lang.SecurityException: Injecting to another application requires INJECT_EVENTS permission
at androidx.test.espresso.base.InputManagerEventInjectionStrategy.innerInjectMotionEvent(InputManagerEventInjectionStrategy.java:164)
at androidx.test.espresso.base.InputManagerEventInjectionStrategy.innerInjectMotionEvent(InputManagerEventInjectionStrategy.java:162)
at androidx.test.espresso.base.InputManagerEventInjectionStrategy.injectMotionEvent(InputManagerEventInjectionStrategy.java:130)
at androidx.test.espresso.base.EventInjector.injectMotionEvent(EventInjector.java:92)
at androidx.test.espresso.base.UiControllerImpl$3.call(UiControllerImpl.java:230)
at androidx.test.espresso.base.UiControllerImpl$3.call(UiControllerImpl.java:227)
at java.util.concurrent.FutureTask.run(FutureTask.java:266)
at java.util.concurrent.Executors$RunnableAdapter.call(Executors.java:457)
at java.util.concurrent.FutureTask.run(FutureTask.java:266)
at java.util.concurrent.ThreadPoolExecutor.runWorker(ThreadPoolExecutor.java:1162)
at java.util.concurrent.ThreadPoolExecutor$Worker.run(ThreadPoolExecutor.java:636)
at java.lang.Thread.run(Thread.java:764)
Caused by: java.lang.SecurityException: Injecting to another application requires INJECT_EVENTS permission
at android.os.Parcel.readException(Parcel.java:2004)
at android.os.Parcel.readException(Parcel.java:1950)
at android.hardware.input.IInputManager$Stub$Proxy.injectInputEvent(IInputManager.java:636)
at android.hardware.input.InputManager.injectInputEvent(InputManager.java:925)
at java.lang.reflect.Method.invoke(Native Method)
at androidx.test.espresso.base.InputManagerEventInjectionStrategy.innerInjectMotionEvent(InputManagerEventInjectionStrategy.java:146)
... 11 more
</failure>
  </testcase>
  <testcase name="passConText" classname="com.example.linkingyou.RegisterActivityTest" time="1.989" />
  <testcase name="studNoText" classname="com.example.linkingyou.RegisterActivityTest" time="0.81" />
  <testcase name="usernameText" classname="com.example.linkingyou.RegisterActivityTest" time="0.933" />
  <testcase name="passText" classname="com.example.linkingyou.RegisterActivityTest" time="0.955" />
  <testcase name="backButton" classname="com.example.linkingyou.RegisterActivityTest" time="0.826" />
  <testcase name="addGroup" classname="com.example.linkingyou.TabActivityTest" time="0.804" />
  <testcase name="createButton" classname="com.example.linkingyou.TabActivityTest" time="0.388" />
</testsuite>