<!DOCTYPE HTML PUBLIC "-//W3C//DTD HTML 4.01//EN" "http://www.w3.org/TR/html4/strict.dtd">
<html>
<head>
<meta http-equiv="Content-Type" content="text/html; charset=utf-8"/>
<title>Test results - Class com.example.linkingyou.MainActivityTest</title>
<link href="css/base-style.css" rel="stylesheet" type="text/css"/>
<link href="css/style.css" rel="stylesheet" type="text/css"/>
<script src="js/report.js" type="text/javascript"></script>
</head>
<body>
<div id="content">
<h1>Class com.example.linkingyou.MainActivityTest</h1>
<div class="breadcrumbs">
<a href="index.html">all</a> &gt; 
<a href="com.example.linkingyou.html">com.example.linkingyou</a> &gt; MainActivityTest</div>
<div id="summary">
<table>
<tr>
<td>
<div class="summaryGroup">
<table>
<tr>
<td>
<div class="infoBox" id="tests">
<div class="counter">5</div>
<p>tests</p>
</div>
</td>
<td>
<div class="infoBox" id="failures">
<div class="counter">1</div>
<p>failures</p>
</div>
</td>
<td>
<div class="infoBox" id="duration">
<div class="counter">5.519s</div>
<p>duration</p>
</div>
</td>
</tr>
</table>
</div>
</td>
<td>
<div class="infoBox failures" id="successRate">
<div class="percent">80%</div>
<p>successful</p>
</div>
</td>
</tr>
</table>
</div>
<div id="tabs">
<ul class="tabLinks">
<li>
<a href="#tab0">Failed tests</a>
</li>
<li>
<a href="#tab1">Tests</a>
</li>
</ul>
<div id="tab0" class="tab">
<h2>Failed tests</h2>
<div class="test">
<a name="processLogin"></a>
<h3 class="failures">processLogin</h3>
<span class="code">
<pre>androidx.test.espresso.PerformException: Error performing 'single click - At Coordinates: 539, 1202 and precision: 16, 16' on view 'Animations or transitions are enabled on the target device.
For more info check: https://developer.android.com/training/testing/espresso/setup#set-up-environment

with id: com.example.linkingyou:id/edPass'.
at androidx.test.espresso.PerformException$Builder.build(PerformException.java:86)
at androidx.test.espresso.base.DefaultFailureHandler.getUserFriendlyError(DefaultFailureHandler.java:87)
at androidx.test.espresso.base.DefaultFailureHandler.handle(DefaultFailureHandler.java:59)
at androidx.test.espresso.ViewInteraction.waitForAndHandleInteractionResults(ViewInteraction.java:322)
at androidx.test.espresso.ViewInteraction.desugaredPerform(ViewInteraction.java:178)
at androidx.test.espresso.ViewInteraction.perform(ViewInteraction.java:119)
at com.example.linkingyou.MainActivityTest.processLogin(MainActivityTest.java:45)
at java.lang.reflect.Method.invoke(Native Method)
at org.junit.runners.model.FrameworkMethod$1.runReflectiveCall(FrameworkMethod.java:50)
at org.junit.internal.runners.model.ReflectiveCallable.run(ReflectiveCallable.java:12)
at org.junit.runners.model.FrameworkMethod.invokeExplosively(FrameworkMethod.java:47)
at org.junit.internal.runners.statements.InvokeMethod.evaluate(InvokeMethod.java:17)
at androidx.test.rule.ActivityTestRule$ActivityStatement.evaluate(ActivityTestRule.java:527)
at org.junit.rules.RunRules.evaluate(RunRules.java:20)
at org.junit.runners.ParentRunner.runLeaf(ParentRunner.java:325)
at org.junit.runners.BlockJUnit4ClassRunner.runChild(BlockJUnit4ClassRunner.java:78)
at org.junit.runners.BlockJUnit4ClassRunner.runChild(BlockJUnit4ClassRunner.java:57)
at org.junit.runners.ParentRunner$3.run(ParentRunner.java:290)
at org.junit.runners.ParentRunner$1.schedule(ParentRunner.java:71)
at org.junit.runners.ParentRunner.runChildren(ParentRunner.java:288)
at org.junit.runners.ParentRunner.access$000(ParentRunner.java:58)
at org.junit.runners.ParentRunner$2.evaluate(ParentRunner.java:268)
at org.junit.runners.ParentRunner.run(ParentRunner.java:363)
at org.junit.runners.Suite.runChild(Suite.java:128)
at org.junit.runners.Suite.runChild(Suite.java:27)
at org.junit.runners.ParentRunner$3.run(ParentRunner.java:290)
at org.junit.runners.ParentRunner$1.schedule(ParentRunner.java:71)
at org.junit.runners.ParentRunner.runChildren(ParentRunner.java:288)
at org.junit.runners.ParentRunner.access$000(ParentRunner.java:58)
at org.junit.runners.ParentRunner$2.evaluate(ParentRunner.java:268)
at org.junit.runners.ParentRunner.run(ParentRunner.java:363)
at org.junit.runner.JUnitCore.run(JUnitCore.java:137)
at org.junit.runner.JUnitCore.run(JUnitCore.java:115)
at androidx.test.internal.runner.TestExecutor.execute(TestExecutor.java:56)
at androidx.test.runner.AndroidJUnitRunner.onStart(AndroidJUnitRunner.java:392)
at android.app.Instrumentation$InstrumentationThread.run(Instrumentation.java:1959)
Caused by: androidx.test.espresso.PerformException: Error performing 'Send down motion event' on view 'unknown'.
at androidx.test.espresso.PerformException$Builder.build(PerformException.java:86)
at androidx.test.espresso.action.MotionEvents.sendDown(MotionEvents.java:128)
at androidx.test.espresso.action.Tap.sendSingleTap(Tap.java:168)
at androidx.test.espresso.action.Tap.access$100(Tap.java:31)
at androidx.test.espresso.action.Tap$1.sendTap(Tap.java:47)
at androidx.test.espresso.action.GeneralClickAction.perform(GeneralClickAction.java:137)
at androidx.test.espresso.action.TypeTextAction.perform(TypeTextAction.java:104)
at androidx.test.espresso.ViewInteraction$SingleExecutionViewAction.perform(ViewInteraction.java:366)
at androidx.test.espresso.ViewInteraction.doPerform(ViewInteraction.java:255)
at androidx.test.espresso.ViewInteraction.access$100(ViewInteraction.java:65)
at androidx.test.espresso.ViewInteraction$1.call(ViewInteraction.java:158)
at androidx.test.espresso.ViewInteraction$1.call(ViewInteraction.java:155)
at java.util.concurrent.FutureTask.run(FutureTask.java:237)
at android.os.Handler.handleCallback(Handler.java:739)
at android.os.Handler.dispatchMessage(Handler.java:95)
at android.os.Looper.loop(Looper.java:158)
at android.app.ActivityThread.main(ActivityThread.java:7224)
at java.lang.reflect.Method.invoke(Native Method)
at com.android.internal.os.ZygoteInit$MethodAndArgsCaller.run(ZygoteInit.java:1230)
at com.android.internal.os.ZygoteInit.main(ZygoteInit.java:1120)
Caused by: androidx.test.espresso.InjectEventSecurityException: java.lang.SecurityException: Injecting to another application requires INJECT_EVENTS permission
at androidx.test.espresso.base.InputManagerEventInjectionStrategy.innerInjectMotionEvent(InputManagerEventInjectionStrategy.java:164)
at androidx.test.espresso.base.InputManagerEventInjectionStrategy.innerInjectMotionEvent(InputManagerEventInjectionStrategy.java:162)
at androidx.test.espresso.base.InputManagerEventInjectionStrategy.injectMotionEvent(InputManagerEventInjectionStrategy.java:130)
at androidx.test.espresso.base.EventInjector.injectMotionEvent(EventInjector.java:92)
at androidx.test.espresso.base.UiControllerImpl$3.call(UiControllerImpl.java:230)
at androidx.test.espresso.base.UiControllerImpl$3.call(UiControllerImpl.java:227)
at java.util.concurrent.FutureTask.run(FutureTask.java:237)
at java.util.concurrent.Executors$RunnableAdapter.call(Executors.java:423)
at java.util.concurrent.FutureTask.run(FutureTask.java:237)
at java.util.concurrent.ThreadPoolExecutor.runWorker(ThreadPoolExecutor.java:1113)
at java.util.concurrent.ThreadPoolExecutor$Worker.run(ThreadPoolExecutor.java:588)
at java.lang.Thread.run(Thread.java:818)
Caused by: java.lang.SecurityException: Injecting to another application requires INJECT_EVENTS permission
at android.os.Parcel.readException(Parcel.java:1620)
at android.os.Parcel.readException(Parcel.java:1573)
at android.hardware.input.IInputManager$Stub$Proxy.injectInputEvent(IInputManager.java:751)
at android.hardware.input.InputManager.injectInputEvent(InputManager.java:864)
at java.lang.reflect.Method.invoke(Native Method)
at androidx.test.espresso.base.InputManagerEventInjectionStrategy.innerInjectMotionEvent(InputManagerEventInjectionStrategy.java:146)
... 11 more
</pre>
</span>
</div>
</div>
<div id="tab1" class="tab">
<h2>Tests</h2>
<table>
<thead>
<tr>
<th>Test</th>
<th>SM-G900F - 6.0.1</th>
</tr>
</thead>
<tr>
<td>loginButton</td>
<td class="success">passed (0.698s)</td>
</tr>
<tr>
<td>passText</td>
<td class="success">passed (0.991s)</td>
</tr>
<tr>
<td>processLogin</td>
<td class="failures">failed (2.099s)</td>
</tr>
<tr>
<td>regLink</td>
<td class="success">passed (0.756s)</td>
</tr>
<tr>
<td>usernameText</td>
<td class="success">passed (0.975s)</td>
</tr>
</table>
</div>
</div>
<div id="footer">
<p>Generated by 
<a href="http://www.gradle.org">Gradle 6.1.1</a> at Jun 11, 2020 12:21:31 AM</p>
</div>
</div>
</body>